[debug] [2018-06-13T05:57:56.701Z] ----------------------------------------------------------------------
[debug] [2018-06-13T05:57:56.704Z] Command:       /usr/local/bin/node /usr/local/bin/firebase serve
[debug] [2018-06-13T05:57:56.704Z] CLI Version:   3.18.6
[debug] [2018-06-13T05:57:56.704Z] Platform:      darwin
[debug] [2018-06-13T05:57:56.704Z] Node Version:  v8.9.3
[debug] [2018-06-13T05:57:56.705Z] Time:          Tue Jun 12 2018 22:57:56 GMT-0700 (PDT)
[debug] [2018-06-13T05:57:56.705Z] ----------------------------------------------------------------------
[debug] 
[debug] [2018-06-13T05:57:56.716Z] > command requires scopes: ["email","openid","https://www.googleapis.com/auth/cloudplatformprojects.readonly","https://www.googleapis.com/auth/firebase","https://www.googleapis.com/auth/cloud-platform"]
[debug] [2018-06-13T05:57:56.717Z] > authorizing via signed-in user
[debug] [2018-06-13T05:57:56.719Z] >>> HTTP REQUEST GET https://admin.firebase.com/v1/projects/consumerland-staging  
  
 Tue Jun 12 2018 22:57:56 GMT-0700 (PDT)
[debug] [2018-06-13T05:57:57.275Z] <<< HTTP RESPONSE 200
[debug] [2018-06-13T05:57:57.276Z] >>> HTTP REQUEST GET https://admin.firebase.com/v1/database/consumerland-staging/tokens  
  
 Tue Jun 12 2018 22:57:57 GMT-0700 (PDT)
[debug] [2018-06-13T05:57:57.685Z] <<< HTTP RESPONSE 200
[debug] [2018-06-13T05:57:57.687Z] >>> HTTP REQUEST GET https://cloudresourcemanager.googleapis.com/v1/projects/consumerland-staging  
  
 Tue Jun 12 2018 22:57:57 GMT-0700 (PDT)
[debug] [2018-06-13T05:57:58.242Z] <<< HTTP RESPONSE 200
[info] 
[info] === Serving from '/Users/bupham/Documents/product-map'...
[info] 
[debug] [2018-06-13T05:57:59.201Z] Error: EACCES: permission denied, mkdir '/usr/local/lib/node_modules/firebase-tools/node_modules/@google-cloud/functions-emulator/logs'
    at Object.fs.mkdirSync (fs.js:885:18)
    at Object.assertLogsPath (/usr/local/lib/node_modules/firebase-tools/node_modules/@google-cloud/functions-emulator/src/emulator/logs.js:65:10)
    at new Controller (/usr/local/lib/node_modules/firebase-tools/node_modules/@google-cloud/functions-emulator/src/cli/controller.js:77:32)
    at FunctionsEmulator.start (/usr/local/lib/node_modules/firebase-tools/lib/functionsEmulator.js:113:21)
    at Object.start (/usr/local/lib/node_modules/firebase-tools/lib/serve/functions.js:9:29)
    at /usr/local/lib/node_modules/firebase-tools/lib/serve/index.js:17:21
    at arrayMap (/usr/local/lib/node_modules/firebase-tools/node_modules/lodash/lodash.js:639:23)
    at Function.map (/usr/local/lib/node_modules/firebase-tools/node_modules/lodash/lodash.js:9554:14)
    at _serve (/usr/local/lib/node_modules/firebase-tools/lib/serve/index.js:15:7)
    at Command._action (/usr/local/lib/node_modules/firebase-tools/commands/serve.js:48:12)
[error] 
[error] Error: An unexpected error has occurred.
