[debug] [2018-06-14T05:49:55.121Z] ----------------------------------------------------------------------
[debug] [2018-06-14T05:49:55.124Z] Command:       /usr/local/bin/node /usr/local/bin/firebase deploy
[debug] [2018-06-14T05:49:55.124Z] CLI Version:   3.18.6
[debug] [2018-06-14T05:49:55.124Z] Platform:      darwin
[debug] [2018-06-14T05:49:55.124Z] Node Version:  v8.9.3
[debug] [2018-06-14T05:49:55.125Z] Time:          Wed Jun 13 2018 22:49:55 GMT-0700 (PDT)
[debug] [2018-06-14T05:49:55.125Z] ----------------------------------------------------------------------
[debug] 
[debug] [2018-06-14T05:49:55.138Z] > command requires scopes: ["email","openid","https://www.googleapis.com/auth/cloudplatformprojects.readonly","https://www.googleapis.com/auth/firebase","https://www.googleapis.com/auth/cloud-platform"]
[debug] [2018-06-14T05:49:55.138Z] > authorizing via signed-in user
[debug] [2018-06-14T05:49:55.140Z] > refreshing access token with scopes: ["email","https://www.googleapis.com/auth/cloud-platform","https://www.googleapis.com/auth/cloudplatformprojects.readonly","https://www.googleapis.com/auth/firebase","openid"]
[debug] [2018-06-14T05:49:55.140Z] >>> HTTP REQUEST POST https://www.googleapis.com/oauth2/v3/token  
 { refresh_token: '1/uBiqwHFn-tHFFRJapwq8E046rz3tpSvdgrOg9wzuKtg',
  client_id: '563584335869-fgrhgmd47bqnekij5i8b5pr03ho849e6.apps.googleusercontent.com',
  client_secret: 'j9iVZfS8kkCEFUPaAeJV0sAi',
  grant_type: 'refresh_token',
  scope: 'email https://www.googleapis.com/auth/cloud-platform https://www.googleapis.com/auth/cloudplatformprojects.readonly https://www.googleapis.com/auth/firebase openid' } 
 Wed Jun 13 2018 22:49:55 GMT-0700 (PDT)
[debug] [2018-06-14T05:49:55.382Z] <<< HTTP RESPONSE 200
[debug] [2018-06-14T05:49:55.392Z] >>> HTTP REQUEST GET https://admin.firebase.com/v1/projects/consumerland-2bb67  
  
 Wed Jun 13 2018 22:49:55 GMT-0700 (PDT)
[debug] [2018-06-14T05:49:56.027Z] <<< HTTP RESPONSE 200
[debug] [2018-06-14T05:49:56.028Z] >>> HTTP REQUEST GET https://admin.firebase.com/v1/database/consumerland-2bb67/tokens  
  
 Wed Jun 13 2018 22:49:56 GMT-0700 (PDT)
[debug] [2018-06-14T05:49:56.491Z] <<< HTTP RESPONSE 200
[info] 
[info] === Deploying to 'consumerland-2bb67'...
[info] 
[info] i  deploying functions, hosting
[debug] [2018-06-14T05:50:00.451Z] > [functions] package.json contents: {
  "name": "functions",
  "description": "Cloud Functions for Firebase",
  "scripts": {
    "serve": "firebase serve --only functions",
    "shell": "firebase functions:shell",
    "start": "npm run shell",
    "deploy": "firebase deploy --only functions",
    "logs": "firebase functions:log"
  },
  "dependencies": {
    "express": "^4.16.3",
    "firebase-admin": "^5.12.1",
    "firebase-functions": "^1.0.3"
  },
  "private": true
}
[info] i  functions: ensuring necessary APIs are enabled...
[debug] [2018-06-14T05:50:00.453Z] >>> HTTP REQUEST GET https://servicemanagement.googleapis.com/v1/services/cloudfunctions.googleapis.com/projectSettings/consumerland-2bb67?view=CONSUMER_VIEW  
  
 Wed Jun 13 2018 22:50:00 GMT-0700 (PDT)
[debug] [2018-06-14T05:50:00.454Z] >>> HTTP REQUEST GET https://servicemanagement.googleapis.com/v1/services/runtimeconfig.googleapis.com/projectSettings/consumerland-2bb67?view=CONSUMER_VIEW  
  
 Wed Jun 13 2018 22:50:00 GMT-0700 (PDT)
[debug] [2018-06-14T05:50:01.368Z] <<< HTTP RESPONSE 200
[debug] [2018-06-14T05:50:01.421Z] <<< HTTP RESPONSE 200
[info] ✔  functions: all necessary APIs are enabled
[debug] [2018-06-14T05:50:01.423Z] >>> HTTP REQUEST GET https://cloudresourcemanager.googleapis.com/v1/projects/consumerland-2bb67  
  
 Wed Jun 13 2018 22:50:01 GMT-0700 (PDT)
[debug] [2018-06-14T05:50:01.942Z] <<< HTTP RESPONSE 200
[debug] [2018-06-14T05:50:01.943Z] >>> HTTP REQUEST GET https://mobilesdk-pa.googleapis.com/v1/projects/931689291601:getServerAppConfig  
  
 Wed Jun 13 2018 22:50:01 GMT-0700 (PDT)
[debug] [2018-06-14T05:50:02.557Z] <<< HTTP RESPONSE 200
[info] i  functions: preparing functions directory for uploading...
[debug] [2018-06-14T05:50:02.565Z] >>> HTTP REQUEST GET https://runtimeconfig.googleapis.com/v1beta1/projects/consumerland-2bb67/configs  
  
 Wed Jun 13 2018 22:50:02 GMT-0700 (PDT)
[debug] [2018-06-14T05:50:02.858Z] <<< HTTP RESPONSE 200
[info] i  functions: packaged functions (1.39 MB) for uploading
[debug] [2018-06-14T05:50:04.299Z] >>> HTTP REQUEST POST https://cloudfunctions.googleapis.com/v1/projects/consumerland-2bb67/locations/us-central1/functions:generateUploadUrl  
  
 Wed Jun 13 2018 22:50:04 GMT-0700 (PDT)
[debug] [2018-06-14T05:50:34.801Z] <<< HTTP RESPONSE 503
[debug] [2018-06-14T05:50:34.801Z] <<< HTTP RESPONSE BODY {
  "error": {
    "code": 503,
    "message": "The service is currently unavailable.",
    "status": "UNAVAILABLE"
  }
}

[debug] [2018-06-14T05:50:34.803Z] TypeError: Cannot create property 'error' on string '{
  "error": {
    "code": 503,
    "message": "The service is currently unavailable.",
    "status": "UNAVAILABLE"
  }
}
'
    at module.exports (/usr/local/lib/node_modules/firebase-tools/lib/responseToError.js:11:16)
    at Request._callback (/usr/local/lib/node_modules/firebase-tools/lib/api.js:47:25)
    at Request.self.callback (/usr/local/lib/node_modules/firebase-tools/node_modules/request/request.js:185:22)
    at emitTwo (events.js:126:13)
    at Request.emit (events.js:214:7)
    at Request.<anonymous> (/usr/local/lib/node_modules/firebase-tools/node_modules/request/request.js:1157:10)
    at emitOne (events.js:116:13)
    at Request.emit (events.js:211:7)
    at IncomingMessage.<anonymous> (/usr/local/lib/node_modules/firebase-tools/node_modules/request/request.js:1079:12)
    at Object.onceWrapper (events.js:313:30)
[error] 
[error] Error: An unexpected error has occurred.
